<?xml version="1.0" encoding="UTF-8"?>
<testng-results skipped="0" failed="0" ignored="0" total="0" passed="0">
  <reporter-output>
  </reporter-output>
  <suite name="Command line suite" duration-ms="8" started-at="2020-09-03T20:08:55 EDT" finished-at="2020-09-03T20:08:55 EDT">
    <groups>
    </groups>
    <test name="Command line test" duration-ms="8" started-at="2020-09-03T20:08:55 EDT" finished-at="2020-09-03T20:08:55 EDT">
    </test> <!-- Command line test -->
  </suite> <!-- Command line suite -->
</testng-results>
