<?xml version="1.0" encoding="UTF-8"?>
<testng-results skipped="0" failed="0" ignored="0" total="1" passed="1">
  <reporter-output>
  </reporter-output>
  <suite name="Default suite" duration-ms="2383" started-at="2020-08-02T14:23:53 EDT" finished-at="2020-08-02T14:23:56 EDT">
    <groups>
    </groups>
    <test name="Default test" duration-ms="2383" started-at="2020-08-02T14:23:53 EDT" finished-at="2020-08-02T14:23:56 EDT">
      <class name="testcases.RestApiTestCase01">
        <test-method status="PASS" signature="restapi()[pri:0, instance:testcases.RestApiTestCase01@6acdbdf5]" name="restapi" duration-ms="2336" started-at="2020-08-02T14:23:53 EDT" finished-at="2020-08-02T14:23:56 EDT">
          <reporter-output>
          </reporter-output>
        </test-method> <!-- restapi -->
      </class> <!-- testcases.RestApiTestCase01 -->
    </test> <!-- Default test -->
  </suite> <!-- Default suite -->
</testng-results>
