<?xml version="1.0" encoding="UTF-8"?>
<testng-results skipped="0" failed="0" ignored="0" total="1" passed="1">
  <reporter-output>
  </reporter-output>
  <suite name="Default suite" duration-ms="22866" started-at="2020-08-11T14:03:50 EDT" finished-at="2020-08-11T14:04:13 EDT">
    <groups>
    </groups>
    <test name="Default test" duration-ms="22866" started-at="2020-08-11T14:03:50 EDT" finished-at="2020-08-11T14:04:13 EDT">
      <class name="testcases.Isdisplayed">
        <test-method status="PASS" signature="Login()[pri:0, instance:testcases.Isdisplayed@27a8c74e]" name="Login" duration-ms="22804" started-at="2020-08-11T14:03:50 EDT" finished-at="2020-08-11T14:04:13 EDT">
          <reporter-output>
          </reporter-output>
        </test-method> <!-- Login -->
      </class> <!-- testcases.Isdisplayed -->
    </test> <!-- Default test -->
  </suite> <!-- Default suite -->
</testng-results>
